{"/Users/lizongbao/Desktop/study plan/vending-machine/test.js":{"path":"/Users/lizongbao/Desktop/study plan/vending-machine/test.js","s":{"1":1,"2":1,"3":1,"4":1,"5":1,"6":1,"7":1,"8":1,"9":1,"10":1,"11":1,"12":1,"13":1,"14":1,"15":1,"16":1,"17":1,"18":1,"19":1,"20":1,"21":1,"22":1,"23":1},"b":{"1":[1,0],"2":[1,1],"3":[1,0],"4":[1,1]},"f":{"1":1,"2":1,"3":1,"4":1},"fnMap":{"1":{"name":"(anonymous_1)","line":13,"loc":{"start":{"line":13,"column":58},"end":{"line":13,"column":75}}},"2":{"name":"(anonymous_2)","line":18,"loc":{"start":{"line":18,"column":60},"end":{"line":18,"column":77}}},"3":{"name":"(anonymous_3)","line":23,"loc":{"start":{"line":23,"column":59},"end":{"line":23,"column":76}}},"4":{"name":"(anonymous_4)","line":28,"loc":{"start":{"line":28,"column":75},"end":{"line":28,"column":92}}}},"statementMap":{"1":{"start":{"line":4,"column":0},"end":{"line":10,"column":1}},"2":{"start":{"line":5,"column":0},"end":{"line":5,"column":31},"skip":true},"3":{"start":{"line":7,"column":0},"end":{"line":7,"column":22},"skip":true},"4":{"start":{"line":8,"column":0},"end":{"line":8,"column":41},"skip":true},"5":{"start":{"line":9,"column":0},"end":{"line":9,"column":39},"skip":true},"6":{"start":{"line":13,"column":2},"end":{"line":17,"column":5}},"7":{"start":{"line":14,"column":4},"end":{"line":14,"column":33}},"8":{"start":{"line":15,"column":4},"end":{"line":15,"column":22}},"9":{"start":{"line":16,"column":4},"end":{"line":16,"column":39}},"10":{"start":{"line":18,"column":2},"end":{"line":22,"column":5}},"11":{"start":{"line":19,"column":4},"end":{"line":19,"column":37}},"12":{"start":{"line":20,"column":4},"end":{"line":20,"column":35}},"13":{"start":{"line":21,"column":4},"end":{"line":21,"column":39}},"14":{"start":{"line":23,"column":2},"end":{"line":27,"column":5}},"15":{"start":{"line":24,"column":4},"end":{"line":24,"column":37}},"16":{"start":{"line":25,"column":4},"end":{"line":25,"column":35}},"17":{"start":{"line":26,"column":4},"end":{"line":26,"column":39}},"18":{"start":{"line":28,"column":2},"end":{"line":32,"column":5}},"19":{"start":{"line":29,"column":4},"end":{"line":29,"column":36}},"20":{"start":{"line":30,"column":4},"end":{"line":30,"column":51}},"21":{"start":{"line":31,"column":4},"end":{"line":31,"column":39}},"22":{"start":{"line":35,"column":0},"end":{"line":35,"column":70},"skip":true},"23":{"start":{"line":35,"column":55},"end":{"line":35,"column":68},"skip":true}},"branchMap":{"1":{"line":4,"type":"if","locations":[{"start":{"line":4,"column":0},"end":{"line":4,"column":0},"skip":true},{"start":{"line":4,"column":0},"end":{"line":4,"column":0}}]},"2":{"line":4,"type":"binary-expr","locations":[{"start":{"line":4,"column":4},"end":{"line":4,"column":33}},{"start":{"line":4,"column":37},"end":{"line":4,"column":51}}]},"3":{"line":35,"type":"if","locations":[{"start":{"line":35,"column":0},"end":{"line":35,"column":0},"skip":true},{"start":{"line":35,"column":0},"end":{"line":35,"column":0},"skip":true}]},"4":{"line":35,"type":"binary-expr","locations":[{"start":{"line":35,"column":4},"end":{"line":35,"column":33},"skip":true},{"start":{"line":35,"column":37},"end":{"line":35,"column":51},"skip":true}]}}},"/Users/lizongbao/Desktop/study plan/vending-machine/change.js":{"path":"/Users/lizongbao/Desktop/study plan/vending-machine/change.js","s":{"1":1,"2":4,"3":4,"4":4,"5":4,"6":32,"7":16,"8":16,"9":4,"10":0,"11":0,"12":0,"13":0,"14":4,"15":1,"16":1},"b":{"1":[0,4],"2":[1,0],"3":[1,1]},"f":{"1":4,"2":32},"fnMap":{"1":{"name":"(anonymous_1)","line":2,"loc":{"start":{"line":2,"column":16},"end":{"line":2,"column":50}}},"2":{"name":"(anonymous_2)","line":8,"loc":{"start":{"line":8,"column":18},"end":{"line":8,"column":35}}}},"statementMap":{"1":{"start":{"line":2,"column":0},"end":{"line":24,"column":2}},"2":{"start":{"line":5,"column":4},"end":{"line":5,"column":20}},"3":{"start":{"line":6,"column":4},"end":{"line":6,"column":39}},"4":{"start":{"line":7,"column":4},"end":{"line":7,"column":43}},"5":{"start":{"line":8,"column":4},"end":{"line":14,"column":7}},"6":{"start":{"line":9,"column":6},"end":{"line":12,"column":7}},"7":{"start":{"line":10,"column":8},"end":{"line":10,"column":19}},"8":{"start":{"line":11,"column":8},"end":{"line":11,"column":26}},"9":{"start":{"line":15,"column":4},"end":{"line":22,"column":4}},"10":{"start":{"line":16,"column":5},"end":{"line":16,"column":26}},"11":{"start":{"line":17,"column":5},"end":{"line":17,"column":49}},"12":{"start":{"line":17,"column":34},"end":{"line":17,"column":48}},"13":{"start":{"line":18,"column":5},"end":{"line":18,"column":16}},"14":{"start":{"line":21,"column":5},"end":{"line":21,"column":19}},"15":{"start":{"line":29,"column":0},"end":{"line":31,"column":1},"skip":true},"16":{"start":{"line":30,"column":2},"end":{"line":30,"column":29},"skip":true}},"branchMap":{"1":{"line":15,"type":"if","locations":[{"start":{"line":15,"column":4},"end":{"line":15,"column":4}},{"start":{"line":15,"column":4},"end":{"line":15,"column":4}}]},"2":{"line":29,"type":"if","locations":[{"start":{"line":29,"column":0},"end":{"line":29,"column":0},"skip":true},{"start":{"line":29,"column":0},"end":{"line":29,"column":0},"skip":true}]},"3":{"line":29,"type":"binary-expr","locations":[{"start":{"line":29,"column":4},"end":{"line":29,"column":33},"skip":true},{"start":{"line":29,"column":37},"end":{"line":29,"column":51},"skip":true}]}}}}