TN:
SF:/Users/lizongbao/Desktop/study plan/vending-machine/test.js
FN:13,(anonymous_1)
FN:18,(anonymous_2)
FN:23,(anonymous_3)
FN:28,(anonymous_4)
FNF:4
FNH:4
FNDA:1,(anonymous_1)
FNDA:1,(anonymous_2)
FNDA:1,(anonymous_3)
FNDA:1,(anonymous_4)
DA:4,1
DA:5,1
DA:7,1
DA:8,1
DA:9,1
DA:13,1
DA:14,1
DA:15,1
DA:16,1
DA:18,1
DA:19,1
DA:20,1
DA:21,1
DA:23,1
DA:24,1
DA:25,1
DA:26,1
DA:28,1
DA:29,1
DA:30,1
DA:31,1
DA:35,1
LF:22
LH:22
BRDA:4,1,0,1
BRDA:4,1,1,0
BRDA:4,2,0,1
BRDA:4,2,1,1
BRDA:35,3,0,1
BRDA:35,3,1,0
BRDA:35,4,0,1
BRDA:35,4,1,1
BRF:8
BRH:7
end_of_record
TN:
SF:/Users/lizongbao/Desktop/study plan/vending-machine/change.js
FN:2,(anonymous_1)
FN:8,(anonymous_2)
FNF:2
FNH:2
FNDA:4,(anonymous_1)
FNDA:32,(anonymous_2)
DA:2,1
DA:5,4
DA:6,4
DA:7,4
DA:8,4
DA:9,32
DA:10,16
DA:11,16
DA:15,4
DA:16,0
DA:17,0
DA:18,0
DA:21,4
DA:29,1
DA:30,1
LF:15
LH:12
BRDA:15,1,0,0
BRDA:15,1,1,4
BRDA:29,2,0,1
BRDA:29,2,1,0
BRDA:29,3,0,1
BRDA:29,3,1,1
BRF:6
BRH:5
end_of_record
